{"/Users/gilbertharo/Documents/GitHub/practical-patterns-lab/src/core-components/Button.jsx": {"path":"/Users/gilbertharo/Documents/GitHub/practical-patterns-lab/src/core-components/Button.jsx","statementMap":{"0":{"start":{"line":5,"column":2},"end":{"line":5,"column":37}}},"fnMap":{"0":{"name":"Button","decl":{"start":{"line":4,"column":24},"end":{"line":4,"column":30}},"loc":{"start":{"line":4,"column":45},"end":{"line":6,"column":1}},"line":4}},"branchMap":{},"s":{"0":1},"f":{"0":1},"b":{},"_coverageSchema":"1a1c01bbd47fc00a2c39e90264f33305004495a9","hash":"6ad121c0a19243392f7ed84b8561b0784832f0f0"}
}
